2013-09-01T07:38:30 Checking update-file '/usr/share/apps/kconf_update/kscreenlocker_locksession-shortcut.upd' for new updates
2013-09-01T07:38:30 kscreenlocker_locksession-shortcut.upd: Found new update '4.9-locksession-shortcut'
2013-09-01T07:38:30 kscreenlocker_locksession-shortcut.upd: File 'kglobalshortcutsrc' does not exist or empty, skipping
2013-09-01T07:38:30 Checking update-file '/usr/share/apps/kconf_update/notifications-to-orgkdenotifications.upd' for new updates
2013-09-01T07:38:30 notifications-to-orgkdenotifications.upd: Found new update '4.10QmlNotifications'
2013-09-01T07:38:30 notifications-to-orgkdenotifications.upd: Running script 'notifications-to-orgkdenotifications'
2013-09-01T07:38:30 Checking update-file '/usr/share/apps/kconf_update/plasma-add-shortcut-to-menu.upd' for new updates
2013-09-01T07:38:30 plasma-add-shortcut-to-menu.upd: Found new update '4.1LauncherShortcut'
2013-09-01T07:38:30 plasma-add-shortcut-to-menu.upd:2:'Script=plasma-add-shortcut-to-menu-update': Script 'plasma-add-shortcut-to-menu-update' not found
2013-09-01T07:38:30 Checking update-file '/usr/share/apps/kconf_update/kwin_update_tabbox_settings.upd' for new updates
2013-09-01T07:38:30 kwin_update_tabbox_settings.upd: Found new update 'Kwin-4.4'
2013-09-01T07:38:30 kwin_update_tabbox_settings.upd: Running script 'kwin_update_tabbox_settings'
2013-09-01T07:38:30 [Script] QDBusConnection: session D-Bus connection created before QCoreApplication. Application may misbehave.
2013-09-01T07:38:30 Checking update-file '/usr/share/apps/kconf_update/ksmserver_shortcuts.upd' for new updates
2013-09-01T07:38:30 ksmserver_shortcuts.upd: Found new update 'kde4.10'
2013-09-01T07:38:30 ksmserver_shortcuts.upd: Found new update 'kde4.10-remove-group-kscreenlocker'
2013-09-01T07:38:30 Checking update-file '/usr/share/apps/kconf_update/plasma-to-plasmadesktop-shortcuts.upd' for new updates
2013-09-01T07:38:30 plasma-to-plasmadesktop-shortcuts.upd: Found new update '4.3plasma-desktop-shortcuts'
2013-09-01T07:38:30 Checking update-file '/usr/share/apps/kconf_update/kwin_update_411.upd' for new updates
2013-09-01T07:38:30 kwin_update_411.upd: Found new update 'Kwin-4.11_0'
2013-09-01T07:38:30 kwin_update_411.upd: Running script 'kwin_update_settings_411'
2013-09-01T07:38:30 Checking update-file '/usr/share/apps/kconf_update/kwin_update_410.upd' for new updates
2013-09-01T07:38:30 kwin_update_410.upd: Found new update 'Kwin-4.10_1'
2013-09-01T07:38:30 kwin_update_410.upd: Running script 'kwin_update_settings_410'
2013-09-01T07:38:30 [Script] QDBusConnection: session D-Bus connection created before QCoreApplication. Application may misbehave.
2013-09-01T07:38:30 Checking update-file '/usr/share/apps/kconf_update/kopete-initialstatus.upd' for new updates
2013-09-01T07:38:30 kopete-initialstatus.upd: Found new update 'kopete0.60.80/r1'
2013-09-01T07:38:30 kopete-initialstatus.upd: Running script 'kopete-initialstatus.pl'
2013-09-01T07:38:30 kopete-initialstatus.upd: Script removes kopeterc:Behavior:autoConnect
2013-09-01T07:38:30 Checking update-file '/usr/share/apps/kconf_update/newmailnotifier.upd' for new updates
2013-09-01T07:38:30 newmailnotifier.upd: Found new update 'initial-newmailnotifier-migration'
2013-09-01T07:38:30 newmailnotifier.upd: File 'kmail2rc' does not exist or empty, skipping
2013-09-01T07:38:30 Checking update-file '/usr/share/apps/kconf_update/konsole.upd' for new updates
2013-09-01T07:38:30 konsole.upd: Found new update '2.9.0-global-options'
2013-09-01T07:38:30 konsole.upd: File 'konsolerc' does not exist or empty, skipping
2013-09-01T07:38:30 konsole.upd: Found new update '2.9.0-colorscheme-bold-key'
2013-09-01T07:38:30 konsole.upd: Running script 'konsole-2.9.0-colorscheme-bold-key.sh'
2013-09-01T07:38:30 konsole.upd: Found new update '2.10.0-remove-menuindex-from-profiles'
2013-09-01T07:38:30 konsole.upd: Running script 'konsole-2.10.0-remove-menuindex-from-profiles.sh'
2013-09-01T07:38:30 Checking update-file '/usr/share/apps/kconf_update/mailtransports.upd' for new updates
2013-09-01T07:38:30 mailtransports.upd: Found new update 'initial-kmail-migration'
2013-09-01T07:38:30 mailtransports.upd: File 'kmailrc' does not exist or empty, skipping
2013-09-01T07:38:30 mailtransports.upd: Found new update 'initial-knode-migration'
2013-09-01T07:38:30 mailtransports.upd: File 'knoderc' does not exist or empty, skipping
2013-09-01T07:38:30 Checking update-file '/usr/share/apps/kconf_update/konsole_remove_background_mode.upd' for new updates
2013-09-01T07:38:31 konsole_remove_background_mode.upd: Found new update '2.11.0-remove-background-mode'
2013-09-01T07:38:31 Checking update-file '/usr/share/apps/kconf_update/plasmarc-to-plasmadesktoprc.upd' for new updates
2013-09-01T07:38:31 plasmarc-to-plasmadesktoprc.upd: Found new update '4.3plasma-desktop'
2013-09-01T07:38:31 plasmarc-to-plasmadesktoprc.upd: Running script 'plasma-to-plasma-desktop'
2013-09-01T07:38:31 Checking update-file '/usr/share/apps/kconf_update/kuriikwsfilter.upd' for new updates
2013-09-01T07:38:31 kuriikwsfilter.upd: Found new update 'post-kde3.1/cvs'
2013-09-01T07:38:31 kuriikwsfilter.upd: File 'kuriikwsfilterrc' does not exist or empty, skipping
2013-09-01T07:38:31 kuriikwsfilter.upd: Found new update 'pre-kde4.9'
2013-09-01T07:38:31 kuriikwsfilter.upd: File 'kuriikwsfilterrc' does not exist or empty, skipping
2013-09-01T07:38:31 Checking update-file '/usr/share/apps/kconf_update/kwin_remove_delay_focus.upd' for new updates
2013-09-01T07:38:31 kwin_remove_delay_focus.upd: Found new update 'Kwin-4.8'
2013-09-01T07:38:31 kwin_remove_delay_focus.upd: Running script 'kwin_remove_delay_focus.sh'
2013-09-01T07:38:31 Checking update-file '/usr/share/apps/kconf_update/kopete-update_yahoo_server.upd' for new updates
2013-09-01T07:38:31 kopete-update_yahoo_server.upd: Found new update 'kopete-update-yahoo-server/r1'
2013-09-01T07:38:31 kopete-update_yahoo_server.upd: Running script 'kopete-update_yahoo_server.pl'
2013-09-01T07:38:32 Checking update-file '/usr/share/apps/kconf_update/kopete-nameTracking.upd' for new updates
2013-09-01T07:38:32 kopete-nameTracking.upd: Found new update 'kopete0.9/r1'
2013-09-01T07:38:32 kopete-nameTracking.upd:3:'Script=kopete-nameTracking-kconf_update': Script 'kopete-nameTracking-kconf_update' not found
2013-09-01T07:38:32 Checking update-file '/usr/share/apps/kconf_update/ksslcertificatemanager.upd' for new updates
2013-09-01T07:38:32 ksslcertificatemanager.upd: Found new update 'kde4.2'
2013-09-01T07:38:32 ksslcertificatemanager.upd: Running script 'ksslcertificatemanager.upd.sh'
2013-09-01T07:38:32 [Script] rm: cannot remove ‘/home/manjaro/.kde4//share/config/ksslcertificatemanager’: No such file or directory
2013-09-01T07:38:32 ksslcertificatemanager.upd: !! An error occurred while running 'sh /usr/share/apps/kconf_update/ksslcertificatemanager.upd.sh'
2013-09-01T07:38:32 Checking update-file '/usr/share/apps/kconf_update/kio_help.upd' for new updates
2013-09-01T07:38:32 kio_help.upd: Found new update 'kde3_2'
2013-09-01T07:38:32 kio_help.upd: Running script 'move_kio_help_cache.sh'
2013-09-01T07:38:32 [Script] mv: cannot stat ‘/home/manjaro/.kde4/share/apps/kio_help/cache’: No such file or directory
2013-09-01T07:38:32 [Script] rmdir: failed to remove ‘/home/manjaro/.kde4/share/apps/kio_help’: No such file or directory
2013-09-01T07:38:32 Checking update-file '/usr/share/apps/kconf_update/kopete-pluginloader.upd' for new updates
2013-09-01T07:38:32 kopete-pluginloader.upd: Found new update 'kopete0.7/r1'
2013-09-01T07:38:32 kopete-pluginloader.upd: Running script 'kopete-pluginloader.pl'
2013-09-01T07:38:32 kopete-pluginloader.upd: Script removes kopeterc::Modules
2013-09-01T07:38:32 Checking update-file '/usr/share/apps/kconf_update/kioslave.upd' for new updates
2013-09-01T07:38:32 kioslave.upd: Found new update 'kde2.2/r1'
2013-09-01T07:38:32 kioslave.upd: File 'kioslaverc' does not exist or empty, skipping
2013-09-01T07:38:32 kioslave.upd: Skipping update 'kde2.2/r1'
2013-09-01T07:38:32 kioslave.upd: File 'kioslaverc' does not exist or empty, skipping
2013-09-01T07:38:32 kioslave.upd: Found new update 'kde2.2/r2'
2013-09-01T07:38:32 kioslave.upd: File 'kioslaverc' does not exist or empty, skipping
2013-09-01T07:38:32 kioslave.upd: Found new update 'kde2.2/r3'
2013-09-01T07:38:32 kioslave.upd: File 'kioslaverc' does not exist or empty, skipping
2013-09-01T07:38:32 Checking update-file '/usr/share/apps/kconf_update/mailfilteragent.upd' for new updates
2013-09-01T07:38:32 mailfilteragent.upd: Found new update 'initial-mailfilteragent-migration'
2013-09-01T07:38:32 mailfilteragent.upd: File 'kmail2rc' does not exist or empty, skipping
2013-09-01T07:38:32 Checking update-file '/usr/share/apps/kconf_update/kwin_update_tabbox_qml_settings.upd' for new updates
2013-09-01T07:38:32 kwin_update_tabbox_qml_settings.upd: Found new update 'Kwin-4.8'
2013-09-01T07:38:32 kwin_update_tabbox_qml_settings.upd: Running script 'kwin_update_tabbox_qml_settings'
2013-09-01T07:38:32 [Script] QDBusConnection: session D-Bus connection created before QCoreApplication. Application may misbehave.
2013-09-01T07:38:32 Checking update-file '/usr/share/apps/kconf_update/kwin_remove_effects.upd' for new updates
2013-09-01T07:38:32 kwin_remove_effects.upd: Found new update 'kwin4.7_effects'
2013-09-01T07:38:32 Checking update-file '/usr/share/apps/kconf_update/kwin_update_49.upd' for new updates
2013-09-01T07:38:32 kwin_update_49.upd: Found new update 'Kwin-4.9'
2013-09-01T07:38:32 kwin_update_49.upd: Running script 'kwin_update_settings_49'
2013-09-01T07:38:32 [Script] QDBusConnection: session D-Bus connection created before QCoreApplication. Application may misbehave.
2013-09-01T07:38:32 Checking update-file '/usr/share/apps/kconf_update/kmail.upd' for new updates
2013-09-01T07:38:32 kmail.upd: Found new update '1'
2013-09-01T07:38:32 kmail.upd: File 'kmail2rc' does not exist or empty, skipping
2013-09-01T07:38:32 kmail.upd: Found new update '4'
2013-09-01T07:38:32 kmail.upd: File 'kmail2rc' does not exist or empty, skipping
2013-09-01T07:38:32 kmail.upd: Found new update '5'
2013-09-01T07:38:32 kmail.upd: File 'kmail2rc' does not exist or empty, skipping
2013-09-01T07:38:32 kmail.upd: File 'kpgprc' does not exist or empty, skipping
2013-09-01T07:38:32 kmail.upd: Found new update '6'
2013-09-01T07:38:32 kmail.upd: File 'kmail2rc' does not exist or empty, skipping
2013-09-01T07:38:32 kmail.upd: Found new update '7'
2013-09-01T07:38:32 kmail.upd: File 'kmail2rc' does not exist or empty, skipping
2013-09-01T07:38:32 kmail.upd: Found new update '8'
2013-09-01T07:38:32 kmail.upd: File 'kmail2rc' does not exist or empty, skipping
2013-09-01T07:38:32 kmail.upd: Found new update '9'
2013-09-01T07:38:32 kmail.upd: File 'kmail2rc' does not exist or empty, skipping
2013-09-01T07:38:32 kmail.upd: Found new update '3.1-update-identities'
2013-09-01T07:38:32 kmail.upd: File 'kmail2rc' does not exist or empty, skipping
2013-09-01T07:38:32 kmail.upd: Found new update '3.1-use-identity-uoids'
2013-09-01T07:38:32 kmail.upd: File 'kmail2rc' does not exist or empty, skipping
2013-09-01T07:38:32 kmail.upd: Found new update '3.1-new-mail-notification'
2013-09-01T07:38:32 kmail.upd: File 'kmail2rc' does not exist or empty, skipping
2013-09-01T07:38:32 kmail.upd: Found new update '3.2-update-loop-on-goto-unread-settings'
2013-09-01T07:38:32 kmail.upd: File 'kmail2rc' does not exist or empty, skipping
2013-09-01T07:38:32 kmail.upd: Found new update '3.1.4-dont-use-UOID-0-for-any-identity'
2013-09-01T07:38:32 kmail.upd: File 'kmail2rc' does not exist or empty, skipping
2013-09-01T07:38:32 kmail.upd: Found new update '3.2-misc'
2013-09-01T07:38:32 kmail.upd: File 'kmail2rc' does not exist or empty, skipping
2013-09-01T07:38:32 kmail.upd: Found new update '3.2-moves'
2013-09-01T07:38:32 kmail.upd: File 'kmail2rc' does not exist or empty, skipping
2013-09-01T07:38:32 kmail.upd: Found new update '3.3-use-ID-for-accounts'
2013-09-01T07:38:32 kmail.upd: File 'kmail2rc' does not exist or empty, skipping
2013-09-01T07:38:32 kmail.upd: Found new update '3.3-update-filter-rules'
2013-09-01T07:38:32 kmail.upd: File 'kmail2rc' does not exist or empty, skipping
2013-09-01T07:38:32 kmail.upd: Found new update '3.3-move-identities-to-own-file'
2013-09-01T07:38:32 kmail.upd: File 'kmail2rc' does not exist or empty, skipping
2013-09-01T07:38:32 kmail.upd: Found new update '3.3-aegypten-kpgprc-to-kmailrc'
2013-09-01T07:38:32 kmail.upd: File 'kpgprc' does not exist or empty, skipping
2013-09-01T07:38:32 kmail.upd: Found new update '3.3-aegypten-kpgprc-to-libkleopatrarc'
2013-09-01T07:38:32 kmail.upd: File 'kpgprc' does not exist or empty, skipping
2013-09-01T07:38:32 kmail.upd: Found new update '3.3-aegypten-emailidentities-split-sign-encr-keys'
2013-09-01T07:38:32 kmail.upd: File 'emailidentities' does not exist or empty, skipping
2013-09-01T07:38:32 kmail.upd: Found new update '3.3-misc'
2013-09-01T07:38:32 kmail.upd: File 'kmail2rc' does not exist or empty, skipping
2013-09-01T07:38:32 kmail.upd: Found new update '3.3b1-misc'
2013-09-01T07:38:32 kmail.upd: File 'kmail2rc' does not exist or empty, skipping
2013-09-01T07:38:32 kmail.upd: Found new update '3.4'
2013-09-01T07:38:32 kmail.upd: File 'kmail2rc' does not exist or empty, skipping
2013-09-01T07:38:32 kmail.upd: Found new update '3.4a'
2013-09-01T07:38:32 kmail.upd: File 'kmail2rc' does not exist or empty, skipping
2013-09-01T07:38:32 kmail.upd: Found new update '3.4b'
2013-09-01T07:38:32 kmail.upd: File 'kmail2rc' does not exist or empty, skipping
2013-09-01T07:38:32 kmail.upd: Found new update '3.4.1'
2013-09-01T07:38:32 kmail.upd: File 'kmail2rc' does not exist or empty, skipping
2013-09-01T07:38:32 kmail.upd: Found new update '3.5.4'
2013-09-01T07:38:32 kmail.upd: File 'kmail2rc' does not exist or empty, skipping
2013-09-01T07:38:32 kmail.upd: Found new update '3.5.7-imap-flag-migration'
2013-09-01T07:38:32 kmail.upd: File 'kmail2rc' does not exist or empty, skipping
2013-09-01T07:38:32 kmail.upd: Found new update '4.0-misc'
2013-09-01T07:38:32 kmail.upd: File 'kmail2rc' does not exist or empty, skipping
2013-09-01T07:38:32 kmail.upd: Found new update '4.2'
2013-09-01T07:38:32 kmail.upd: File 'kmail2rc' does not exist or empty, skipping
2013-09-01T07:38:32 kmail.upd: Found new update '4.4-akonadi'
2013-09-01T07:38:32 kmail.upd: File 'kmail2rc' does not exist or empty, skipping
2013-09-01T07:38:32 Checking update-file '/usr/share/apps/kconf_update/kopete-pluginloader2.upd' for new updates
2013-09-01T07:38:32 kopete-pluginloader2.upd: Found new update 'kopete0.8/r1'
2013-09-01T07:38:32 kopete-pluginloader2.upd: Running script 'kopete-pluginloader2.sh'
2013-09-01T07:38:32 [Script] /usr/share/apps/kconf_update/kopete-pluginloader2.sh: line 9: kde-config: command not found
2013-09-01T07:38:32 Checking update-file '/usr/share/apps/kconf_update/adjustlevelstool.upd' for new updates
2013-09-01T07:38:32 adjustlevelstool.upd: Found new update 'adjustlevels2.6.0'
2013-09-01T07:38:32 adjustlevelstool.upd: File 'digikamrc' does not exist or empty, skipping
2013-09-01T07:38:32 Checking update-file '/usr/share/apps/kconf_update/kopete-update_icq_ssl.upd' for new updates
2013-09-01T07:38:32 kopete-update_icq_ssl.upd: Found new update 'kopete-update-icq-ssl/r1'
2013-09-01T07:38:32 kopete-update_icq_ssl.upd: Running script 'kopete-update_icq_ssl.pl'
2013-09-01T07:38:32 Checking update-file '/usr/share/apps/kconf_update/kopete-account-kconf_update.upd' for new updates
2013-09-01T07:38:32 kopete-account-kconf_update.upd: Found new update 'kopete0.7/r1'
2013-09-01T07:38:32 kopete-account-kconf_update.upd: Running script 'kopete-account-kconf_update.sh'
2013-09-01T07:38:32 [Script] /usr/share/apps/kconf_update/kopete-account-kconf_update.sh: line 9: kde-config: command not found
2013-09-01T07:38:32 kopete-account-kconf_update.upd: Found new update 'kopete0.10/r1'
2013-09-01T07:38:32 kopete-account-kconf_update.upd: Running script 'kopete-account-0.10.pl'
2013-09-01T07:38:32 Checking update-file '/usr/share/apps/kconf_update/kalarm.upd' for new updates
2013-09-01T07:38:32 kalarm.upd: Found new update '1.9.5'
2013-09-01T07:38:32 kalarm.upd: File 'kalarmrc' does not exist or empty, skipping
2013-09-01T07:38:32 kalarm.upd: Found new update '1.9.9'
2013-09-01T07:38:32 kalarm.upd: File 'kalarmrc' does not exist or empty, skipping
2013-09-01T07:38:32 kalarm.upd: Found new update '1.9.12'
2013-09-01T07:38:32 kalarm.upd: File 'kalarmrc' does not exist or empty, skipping
2013-09-01T07:38:32 kalarm.upd: Found new update '2.0.0'
2013-09-01T07:38:32 kalarm.upd: File 'kalarmrc' does not exist or empty, skipping
2013-09-01T07:38:32 kalarm.upd: Found new update '2.0.2'
2013-09-01T07:38:32 kalarm.upd: File 'kalarmrc' does not exist or empty, skipping
2013-09-01T07:38:32 kalarm.upd: Found new update '2.1.5'
2013-09-01T07:38:32 kalarm.upd: File 'kalarmrc' does not exist or empty, skipping
2013-09-01T07:38:32 kalarm.upd: Found new update '2.3.2'
2013-09-01T07:38:32 kalarm.upd: File 'kalarmrc' does not exist or empty, skipping
2013-09-01T07:38:32 Checking update-file '/usr/share/apps/kconf_update/drkonqi-rename-config-section.upd' for new updates
2013-09-01T07:38:32 drkonqi-rename-config-section.upd: Found new update 'kde-4.11'
2013-09-01T07:38:32 drkonqi-rename-config-section.upd: File 'drkonqirc' does not exist or empty, skipping
2013-09-01T07:38:32 Checking update-file '/usr/share/apps/kconf_update/kate-2.4.upd' for new updates
2013-09-01T07:38:32 kate-2.4.upd: Found new update 'kate2.4'
2013-09-01T07:38:32 Checking update-file '/usr/share/apps/kconf_update/kopete-gaim_to_pidgin_style.upd' for new updates
2013-09-01T07:38:32 kopete-gaim_to_pidgin_style.upd: Found new update 'kopete0.70.85/r1'
2013-09-01T07:38:32 kopete-gaim_to_pidgin_style.upd: Running script 'kopete-gaim_to_pidgin_style.pl'
2013-09-01T07:38:32 Checking update-file '/usr/share/apps/kconf_update/knode.upd' for new updates
2013-09-01T07:38:32 knode.upd: Found new update '001'
2013-09-01T07:38:32 knode.upd: File 'knoderc' does not exist or empty, skipping
2013-09-01T07:38:32 Checking update-file '/usr/share/apps/kconf_update/kwin_fsp_workarounds_1.upd' for new updates
2013-09-01T07:38:32 kwin_fsp_workarounds_1.upd: Found new update 'kde351'
2013-09-01T07:38:32 kwin_fsp_workarounds_1.upd: Running script 'kwin_update_default_rules' with arguments 'fsp_workarounds_1.kwinrules'
2013-09-01T07:38:33 [Script] QDBusConnection: session D-Bus connection created before QCoreApplication. Application may misbehave.
2013-09-01T07:38:33 Checking update-file '/usr/share/apps/kconf_update/kopete-jabberpriorityaddition-kconf_update.upd' for new updates
2013-09-01T07:38:33 kopete-jabberpriorityaddition-kconf_update.upd: Found new update 'kopete0.9/r1'
2013-09-01T07:38:33 kopete-jabberpriorityaddition-kconf_update.upd: Running script 'kopete-jabberpriorityaddition-kconf_update.sh'
2013-09-01T07:38:33 Checking update-file '/usr/share/apps/kconf_update/klipper-kconfigxt.upd' for new updates
2013-09-01T07:38:33 klipper-kconfigxt.upd: Found new update 'KlipperNoSpacesInKeyNames'
2013-09-01T07:38:33 klipper-kconfigxt.upd: File 'klipperrc' does not exist or empty, skipping
2013-09-01T07:38:33 Checking update-file '/usr/share/apps/kconf_update/kwin_translate_confrequest_rule.upd' for new updates
2013-09-01T07:38:33 kwin_translate_confrequest_rule.upd: Found new update 'Kwin-4.11'
2013-09-01T07:38:33 kwin_translate_confrequest_rule.upd: Running script 'kwin_translate_confrequest_rule.sh'
2013-09-01T07:38:33 Checking update-file '/usr/share/apps/kconf_update/korganizer.upd' for new updates
2013-09-01T07:38:33 korganizer.upd: Found new update 'korganizer_3.4_GroupwareCleanup'
2013-09-01T07:38:33 korganizer.upd: File 'korganizerrc' does not exist or empty, skipping
2013-09-01T07:38:33 korganizer.upd: Found new update 'korganizer_3.4_WebExport'
2013-09-01T07:38:33 korganizer.upd: File 'korganizerrc' does not exist or empty, skipping
2013-09-01T07:38:33 korganizer.upd: Found new update 'korganizer_3.4_FilterAction'
2013-09-01T07:38:33 korganizer.upd: File 'korganizerrc' does not exist or empty, skipping
2013-09-01T07:38:33 korganizer.upd: Found new update 'korganizer_3.4_HolidayPlugin'
2013-09-01T07:38:33 korganizer.upd: File 'korganizerrc' does not exist or empty, skipping
2013-09-01T07:38:33 korganizer.upd: Found new update 'korganizer_4.3_ShowTodos'
2013-09-01T07:38:33 korganizer.upd: File 'korganizerrc' does not exist or empty, skipping
2013-09-01T07:38:33 korganizer.upd: Found new update 'korganizer_4.4_MoveFreeBusy'
2013-09-01T07:38:33 korganizer.upd: File 'korganizerrc' does not exist or empty, skipping
2013-09-01T07:38:33 Checking update-file '/usr/share/apps/kconf_update/kget.upd' for new updates
2013-09-01T07:38:33 kget.upd: Found new update '2.8.0'
2013-09-01T07:38:33 kget.upd: File 'kgetrc' does not exist or empty, skipping
2013-09-01T07:38:33 kget.upd: Found new update '2.8.0/multiseg'
2013-09-01T07:38:33 kget.upd: File 'kget_multisegkiofactory.rc' does not exist or empty, skipping
2013-09-01T07:38:33 kget.upd: Found new update '2.8.0/sensitive'
2013-09-01T07:38:33 kget.upd: File 'kgetrc' does not exist or empty, skipping
2013-09-01T07:38:33 kget.upd: Found new update '2.8.0/limitdownloads'
2013-09-01T07:38:33 kget.upd: File 'kgetrc' does not exist or empty, skipping
2013-09-01T07:38:33 Checking update-file '/usr/share/apps/kconf_update/kpgp.upd' for new updates
2013-09-01T07:38:33 kpgp.upd: Found new update 'preKDE3_a'
2013-09-01T07:38:33 kpgp.upd: File 'kpgprc' does not exist or empty, skipping
2013-09-01T07:38:33 kpgp.upd: Found new update '3.1-1'
2013-09-01T07:38:33 kpgp.upd: File 'kpgprc' does not exist or empty, skipping
2013-09-01T07:38:33 Checking update-file '/usr/share/apps/kconf_update/kcookiescfg.upd' for new updates
2013-09-01T07:38:33 kcookiescfg.upd: Found new update 'kde2.2/b1'
2013-09-01T07:38:33 kcookiescfg.upd: File 'kcookiejarrc' does not exist or empty, skipping
2013-09-01T07:38:33 kcookiescfg.upd: Found new update 'kde3.1/cvs'
2013-09-01T07:38:33 kcookiescfg.upd: File 'kcookiejarrc' does not exist or empty, skipping
2013-09-01T07:38:33 kcookiescfg.upd: Found new update 'kde4.10/git'
2013-09-01T07:38:33 kcookiescfg.upd: File 'kcookiejarrc' does not exist or empty, skipping
2013-09-01T07:38:33 Checking update-file '/usr/share/apps/kconf_update/amarok.upd' for new updates
2013-09-01T07:38:33 amarok.upd: Found new update '1'
2013-09-01T07:38:33 amarok.upd: File 'amarokrc' does not exist or empty, skipping
2013-09-01T07:38:33 Checking update-file '/usr/share/apps/kconf_update/okular.upd' for new updates
2013-09-01T07:38:33 okular.upd: Found new update 'sep_settings'
2013-09-01T07:38:33 okular.upd: File 'okularpartrc' does not exist or empty, skipping
2013-09-01T07:38:33 Checking update-file '/usr/share/apps/kconf_update/kded.upd' for new updates
2013-09-01T07:38:33 kded.upd: Found new update 'kde3.0'
2013-09-01T07:38:33 kded.upd: Skipping update 'kde3.0'
2013-09-01T07:38:33 kded.upd: File 'kdedrc' does not exist or empty, skipping
2013-09-01T07:38:33 Checking update-file '/usr/share/apps/kconf_update/krdb_libpathwipe.upd' for new updates
2013-09-01T07:38:33 krdb_libpathwipe.upd: Found new update 'LibraryPathWipeOut'
2013-09-01T07:38:33 krdb_libpathwipe.upd: Running script 'krdb_clearlibrarypath'
2013-09-01T07:38:33 Checking update-file '/usr/share/apps/kconf_update/kopete-jabberproxytype-kconf_update.upd' for new updates
2013-09-01T07:38:33 kopete-jabberproxytype-kconf_update.upd: Found new update 'kopete0.9/r1'
2013-09-01T07:38:33 kopete-jabberproxytype-kconf_update.upd: Running script 'kopete-jabberproxytype-kconf_update.sh'
2013-09-01T07:38:33 Checking update-file '/usr/share/apps/kconf_update/kwin_translate_activity_rule.upd' for new updates
2013-09-01T07:38:33 kwin_translate_activity_rule.upd: Found new update 'Kwin-4.10'
2013-09-01T07:38:33 kwin_translate_activity_rule.upd: Running script 'kwin_translate_activity_rule.sh'
2013-09-01T07:38:33 Checking update-file '/usr/share/apps/kconf_update/oxygen.upd' for new updates
2013-09-01T07:38:33 oxygen.upd: Found new update '1'
2013-09-01T07:38:33 oxygen.upd: File 'oxygenrc' does not exist or empty, skipping
2013-09-01T07:38:33 Checking update-file '/usr/share/apps/kconf_update/devicepreference.upd' for new updates
2013-09-01T07:38:33 devicepreference.upd: Found new update 'DevicesMovedToPlatformPlugin'
2013-09-01T07:38:33 devicepreference.upd: Running script 'phonon_devicepreference_update'
2013-09-01T07:38:33 devicepreference.upd: Found new update 'DevicesUIDsChanged'
2013-09-01T07:38:33 devicepreference.upd: Running script 'phonon_deviceuids_update'
2013-09-01T07:38:33 Checking update-file '/usr/share/apps/kconf_update/kopete-update_icq_server.upd' for new updates
2013-09-01T07:38:33 kopete-update_icq_server.upd: Found new update 'kopete-update-icq-server/r1'
2013-09-01T07:38:33 kopete-update_icq_server.upd: Running script 'kopete-update_icq_server.pl'
2013-09-01T07:42:30 Checking update-file '/usr/share/apps/kconf_update/konversation.upd' for new updates
2013-09-01T07:42:30 konversation.upd: Found new update '1.1-rememberline'
2013-09-01T07:42:30 konversation.upd: File 'konversationrc' does not exist or empty, skipping
2013-09-01T07:42:30 konversation.upd: Found new update '1.1-markerlines'
2013-09-01T07:42:30 konversation.upd: File 'konversationrc' does not exist or empty, skipping
2013-09-01T07:42:30 konversation.upd: Found new update '0.20-customfonts'
2013-09-01T07:42:30 konversation.upd: File 'konversationrc' does not exist or empty, skipping
2013-09-01T07:42:30 konversation.upd: Found new update '0.20-quickbuttons'
2013-09-01T07:42:30 konversation.upd: File 'konversationrc' does not exist or empty, skipping
2013-09-01T07:42:30 konversation.upd: Found new update '0.19-notifylists'
2013-09-01T07:42:30 konversation.upd: File 'konversationrc' does not exist or empty, skipping
2013-09-01T07:42:30 konversation.upd: Found new update '0.19-appearance'
2013-09-01T07:42:30 konversation.upd: File 'konversationrc' does not exist or empty, skipping
2013-09-01T07:42:30 konversation.upd: Found new update '0.19-browser'
2013-09-01T07:42:30 konversation.upd: File 'konversationrc' does not exist or empty, skipping
2013-09-01T07:42:30 konversation.upd: Found new update '0.19-flags'
2013-09-01T07:42:30 konversation.upd: File 'konversationrc' does not exist or empty, skipping
2013-09-01T07:42:30 konversation.upd: Found new update '0.19-highlightcolors'
2013-09-01T07:42:30 konversation.upd: File 'konversationrc' does not exist or empty, skipping
2013-09-01T07:42:30 konversation.upd: Found new update '0.19-osdcolors'
2013-09-01T07:42:30 konversation.upd: File 'konversationrc' does not exist or empty, skipping
2013-09-01T07:42:30 konversation.upd: Found new update '0.19-sortorder'
2013-09-01T07:42:30 konversation.upd: File 'konversationrc' does not exist or empty, skipping
2013-09-01T07:42:30 konversation.upd: Found new update '0.19-colors'
2013-09-01T07:42:30 konversation.upd: File 'konversationrc' does not exist or empty, skipping
2013-09-01T07:42:30 konversation.upd: Found new update '0.19-generaloptions'
2013-09-01T07:42:30 konversation.upd: File 'konversationrc' does not exist or empty, skipping
2013-09-01T07:42:31 konversation.upd: Found new update '0.19-cleanup-themes'
2013-09-01T07:42:31 konversation.upd: File 'konversationrc' does not exist or empty, skipping
2013-09-01T07:42:31 konversation.upd: Found new update '0.19-cleanup-notifylist'
2013-09-01T07:42:31 konversation.upd: File 'konversationrc' does not exist or empty, skipping
2013-09-01T07:42:31 konversation.upd: Found new update '0.19-cleanup-dcc'
2013-09-01T07:42:31 konversation.upd: File 'konversationrc' does not exist or empty, skipping
2013-09-01T07:42:31 konversation.upd: Found new update '0.19-cleanup-colors'
2013-09-01T07:42:31 konversation.upd: File 'konversationrc' does not exist or empty, skipping
2013-09-01T07:42:31 konversation.upd: Found new update '0.19-cleanup-hilightlist'
2013-09-01T07:42:31 konversation.upd: File 'konversationrc' does not exist or empty, skipping
2013-09-01T07:42:31 konversation.upd: Found new update '0.19-cleanup-notificationmessages'
2013-09-01T07:42:31 konversation.upd: File 'konversationrc' does not exist or empty, skipping
2013-09-01T07:42:31 konversation.upd: Found new update '0.19-cleanup-ledcolors'
2013-09-01T07:42:31 konversation.upd: File 'konversationrc' does not exist or empty, skipping
2013-09-01T07:42:31 konversation.upd: Found new update '0.19-cleanup-kmditaskbar'
2013-09-01T07:42:31 konversation.upd: File 'konversationrc' does not exist or empty, skipping
2013-09-01T07:42:31 konversation.upd: Found new update '0.19-channelsplitter'
2013-09-01T07:42:31 konversation.upd: File 'konversationrc' does not exist or empty, skipping
2013-09-01T11:14:40 Checking update-file '/usr/share/apps/kconf_update/yakuake.upd' for new updates
2013-09-01T11:14:40 yakuake.upd: Found new update '2.9.9-startupnotification'
2013-09-01T11:14:40 yakuake.upd: File 'yakuakerc' does not exist or empty, skipping
2013-09-15T07:18:10 Checking update-file '/usr/share/apps/kconf_update/klipper-kconfigxt.upd' for new updates
2013-09-15T07:18:10 Checking update-file '/usr/share/apps/kconf_update/kio_help.upd' for new updates
2013-09-15T07:18:10 Checking update-file '/usr/share/apps/kconf_update/kopete-update_icq_ssl.upd' for new updates
2013-09-15T07:18:10 Checking update-file '/usr/share/apps/kconf_update/plasmarc-to-plasmadesktoprc.upd' for new updates
2013-09-15T07:18:10 Checking update-file '/usr/share/apps/kconf_update/kopete-pluginloader.upd' for new updates
2013-09-15T07:18:10 Checking update-file '/usr/share/apps/kconf_update/kopete-nameTracking.upd' for new updates
2013-09-15T07:18:10 kopete-nameTracking.upd: Found new update 'kopete0.9/r1'
2013-09-15T07:18:10 kopete-nameTracking.upd: Skipping update 'kopete0.9/r1'
2013-09-15T07:18:10 Checking update-file '/usr/share/apps/kconf_update/kwin_translate_confrequest_rule.upd' for new updates
2013-09-15T07:18:10 Checking update-file '/usr/share/apps/kconf_update/notifications-to-orgkdenotifications.upd' for new updates
2013-09-15T07:18:10 Checking update-file '/usr/share/apps/kconf_update/konsole_remove_background_mode.upd' for new updates
2013-09-15T07:18:10 Checking update-file '/usr/share/apps/kconf_update/kopete-initialstatus.upd' for new updates
2013-09-15T07:18:10 Checking update-file '/usr/share/apps/kconf_update/kopete-update_icq_server.upd' for new updates
2013-09-15T07:18:10 Checking update-file '/usr/share/apps/kconf_update/kopete-gaim_to_pidgin_style.upd' for new updates
2013-09-15T07:18:10 Checking update-file '/usr/share/apps/kconf_update/kuriikwsfilter.upd' for new updates
2013-09-15T07:18:10 Checking update-file '/usr/share/apps/kconf_update/newmailnotifier.upd' for new updates
2013-09-15T07:18:10 Checking update-file '/usr/share/apps/kconf_update/okular.upd' for new updates
2013-09-15T07:18:10 Checking update-file '/usr/share/apps/kconf_update/kopete-jabberproxytype-kconf_update.upd' for new updates
2013-09-15T07:18:10 Checking update-file '/usr/share/apps/kconf_update/adjustlevelstool.upd' for new updates
2013-09-15T07:18:10 Checking update-file '/usr/share/apps/kconf_update/kscreenlocker_locksession-shortcut.upd' for new updates
2013-09-15T07:18:10 Checking update-file '/usr/share/apps/kconf_update/kcookiescfg.upd' for new updates
2013-09-15T07:18:10 Checking update-file '/usr/share/apps/kconf_update/kwin_update_tabbox_qml_settings.upd' for new updates
2013-09-15T07:18:10 Checking update-file '/usr/share/apps/kconf_update/kwin_translate_activity_rule.upd' for new updates
2013-09-15T07:18:10 Checking update-file '/usr/share/apps/kconf_update/kwin_update_411.upd' for new updates
2013-09-15T07:18:10 Checking update-file '/usr/share/apps/kconf_update/drkonqi-rename-config-section.upd' for new updates
2013-09-15T07:18:10 Checking update-file '/usr/share/apps/kconf_update/knode.upd' for new updates
2013-09-15T07:18:10 Checking update-file '/usr/share/apps/kconf_update/kate-2.4.upd' for new updates
2013-09-15T07:18:10 Checking update-file '/usr/share/apps/kconf_update/kioslave.upd' for new updates
2013-09-15T07:18:10 kioslave.upd: Found new update 'kde2.2/r1'
2013-09-15T07:18:10 kioslave.upd: Skipping update 'kde2.2/r1'
2013-09-15T07:18:10 kioslave.upd: File 'kioslaverc' does not exist or empty, skipping
2013-09-15T07:18:10 Checking update-file '/usr/share/apps/kconf_update/kded.upd' for new updates
2013-09-15T07:18:10 kded.upd: Found new update 'kde3.0'
2013-09-15T07:18:10 kded.upd: Skipping update 'kde3.0'
2013-09-15T07:18:10 kded.upd: File 'kdedrc' does not exist or empty, skipping
2013-09-15T07:18:10 Checking update-file '/usr/share/apps/kconf_update/kwin_update_49.upd' for new updates
2013-09-15T07:18:10 Checking update-file '/usr/share/apps/kconf_update/kwin_remove_effects.upd' for new updates
2013-09-15T07:18:10 Checking update-file '/usr/share/apps/kconf_update/kwin_update_tabbox_settings.upd' for new updates
2013-09-15T07:18:10 Checking update-file '/usr/share/apps/kconf_update/devicepreference.upd' for new updates
2013-09-15T07:18:10 Checking update-file '/usr/share/apps/kconf_update/kwin_remove_delay_focus.upd' for new updates
2013-09-15T07:18:10 Checking update-file '/usr/share/apps/kconf_update/konsole.upd' for new updates
2013-09-15T07:18:10 Checking update-file '/usr/share/apps/kconf_update/kget.upd' for new updates
2013-09-15T07:18:10 Checking update-file '/usr/share/apps/kconf_update/mailfilteragent.upd' for new updates
2013-09-15T07:18:10 Checking update-file '/usr/share/apps/kconf_update/kwin_fsp_workarounds_1.upd' for new updates
2013-09-15T07:18:10 Checking update-file '/usr/share/apps/kconf_update/oxygen.upd' for new updates
2013-09-15T07:18:10 Checking update-file '/usr/share/apps/kconf_update/konversation.upd' for new updates
2013-09-15T07:18:10 Checking update-file '/usr/share/apps/kconf_update/krdb_libpathwipe.upd' for new updates
2013-09-15T07:18:10 Checking update-file '/usr/share/apps/kconf_update/plasma-to-plasmadesktop-shortcuts.upd' for new updates
2013-09-15T07:18:10 Checking update-file '/usr/share/apps/kconf_update/kopete-update_yahoo_server.upd' for new updates
2013-09-15T07:18:10 Checking update-file '/usr/share/apps/kconf_update/ksslcertificatemanager.upd' for new updates
2013-09-15T07:18:10 Checking update-file '/usr/share/apps/kconf_update/korganizer.upd' for new updates
2013-09-15T07:18:10 Checking update-file '/usr/share/apps/kconf_update/kwin_update_410.upd' for new updates
2013-09-15T07:18:10 Checking update-file '/usr/share/apps/kconf_update/kpgp.upd' for new updates
2013-09-15T07:18:10 Checking update-file '/usr/share/apps/kconf_update/kalarm.upd' for new updates
2013-09-15T07:18:10 Checking update-file '/usr/share/apps/kconf_update/mailtransports.upd' for new updates
2013-09-15T07:18:10 Checking update-file '/usr/share/apps/kconf_update/yakuake.upd' for new updates
2013-09-15T07:18:10 Checking update-file '/usr/share/apps/kconf_update/kopete-account-kconf_update.upd' for new updates
2013-09-15T07:18:10 Checking update-file '/usr/share/apps/kconf_update/plasma-add-shortcut-to-menu.upd' for new updates
2013-09-15T07:18:10 plasma-add-shortcut-to-menu.upd: Found new update '4.1LauncherShortcut'
2013-09-15T07:18:10 plasma-add-shortcut-to-menu.upd:2:'Script=plasma-add-shortcut-to-menu-update': Script 'plasma-add-shortcut-to-menu-update' not found
2013-09-15T07:18:10 Checking update-file '/usr/share/apps/kconf_update/kopete-pluginloader2.upd' for new updates
2013-09-15T07:18:10 Checking update-file '/usr/share/apps/kconf_update/ksmserver_shortcuts.upd' for new updates
2013-09-15T07:18:10 Checking update-file '/usr/share/apps/kconf_update/amarok.upd' for new updates
2013-09-15T07:18:10 Checking update-file '/usr/share/apps/kconf_update/kmail.upd' for new updates
2013-09-15T07:18:10 Checking update-file '/usr/share/apps/kconf_update/kopete-jabberpriorityaddition-kconf_update.upd' for new updates
2013-09-24T12:20:09 Checking update-file '/usr/share/apps/kconf_update/kscreenlocker_locksession-shortcut.upd' for new updates
2013-09-24T12:20:09 Checking update-file '/usr/share/apps/kconf_update/mailtransports.upd' for new updates
2013-09-24T12:20:09 Checking update-file '/usr/share/apps/kconf_update/notifications-to-orgkdenotifications.upd' for new updates
2013-09-24T12:20:09 Checking update-file '/usr/share/apps/kconf_update/klipper-kconfigxt.upd' for new updates
2013-09-24T12:20:09 Checking update-file '/usr/share/apps/kconf_update/kwin_update_49.upd' for new updates
2013-09-24T12:20:09 Checking update-file '/usr/share/apps/kconf_update/ksmserver_shortcuts.upd' for new updates
2013-09-24T12:20:09 Checking update-file '/usr/share/apps/kconf_update/kate-2.4.upd' for new updates
2013-09-24T12:20:09 Checking update-file '/usr/share/apps/kconf_update/kio_help.upd' for new updates
2013-09-24T12:20:09 Checking update-file '/usr/share/apps/kconf_update/kwin_update_411.upd' for new updates
2013-09-24T12:20:09 Checking update-file '/usr/share/apps/kconf_update/konversation.upd' for new updates
2013-09-24T12:20:09 Checking update-file '/usr/share/apps/kconf_update/kopete-update_icq_ssl.upd' for new updates
2013-09-24T12:20:09 Checking update-file '/usr/share/apps/kconf_update/ksslcertificatemanager.upd' for new updates
2013-09-24T12:20:09 Checking update-file '/usr/share/apps/kconf_update/kded.upd' for new updates
2013-09-24T12:20:09 kded.upd: Found new update 'kde3.0'
2013-09-24T12:20:09 kded.upd: Skipping update 'kde3.0'
2013-09-24T12:20:09 kded.upd: File 'kdedrc' does not exist or empty, skipping
2013-09-24T12:20:09 Checking update-file '/usr/share/apps/kconf_update/kuriikwsfilter.upd' for new updates
2013-09-24T12:20:09 Checking update-file '/usr/share/apps/kconf_update/knode.upd' for new updates
2013-09-24T12:20:09 Checking update-file '/usr/share/apps/kconf_update/plasmarc-to-plasmadesktoprc.upd' for new updates
2013-09-24T12:20:09 Checking update-file '/usr/share/apps/kconf_update/kwin_remove_delay_focus.upd' for new updates
2013-09-24T12:20:09 Checking update-file '/usr/share/apps/kconf_update/kwin_update_tabbox_settings.upd' for new updates
2013-09-24T12:20:09 Checking update-file '/usr/share/apps/kconf_update/kopete-nameTracking.upd' for new updates
2013-09-24T12:20:09 kopete-nameTracking.upd: Found new update 'kopete0.9/r1'
2013-09-24T12:20:09 kopete-nameTracking.upd: Skipping update 'kopete0.9/r1'
2013-09-24T12:20:09 Checking update-file '/usr/share/apps/kconf_update/drkonqi-rename-config-section.upd' for new updates
2013-09-24T12:20:09 Checking update-file '/usr/share/apps/kconf_update/okular.upd' for new updates
2013-09-24T12:20:09 Checking update-file '/usr/share/apps/kconf_update/korganizer.upd' for new updates
2013-09-24T12:20:09 Checking update-file '/usr/share/apps/kconf_update/newmailnotifier.upd' for new updates
2013-09-24T12:20:09 Checking update-file '/usr/share/apps/kconf_update/kopete-update_icq_server.upd' for new updates
2013-09-24T12:20:09 Checking update-file '/usr/share/apps/kconf_update/kopete-initialstatus.upd' for new updates
2013-09-24T12:20:09 Checking update-file '/usr/share/apps/kconf_update/kopete-pluginloader.upd' for new updates
2013-09-24T12:20:09 Checking update-file '/usr/share/apps/kconf_update/kwin_translate_activity_rule.upd' for new updates
2013-09-24T12:20:09 Checking update-file '/usr/share/apps/kconf_update/kcookiescfg.upd' for new updates
2013-09-24T12:20:09 Checking update-file '/usr/share/apps/kconf_update/kopete-gaim_to_pidgin_style.upd' for new updates
2013-09-24T12:20:09 Checking update-file '/usr/share/apps/kconf_update/kwin_translate_confrequest_rule.upd' for new updates
2013-09-24T12:20:09 Checking update-file '/usr/share/apps/kconf_update/konsole_remove_background_mode.upd' for new updates
2013-09-24T12:20:09 Checking update-file '/usr/share/apps/kconf_update/plasma-add-shortcut-to-menu.upd' for new updates
2013-09-24T12:20:09 plasma-add-shortcut-to-menu.upd: Found new update '4.1LauncherShortcut'
2013-09-24T12:20:09 plasma-add-shortcut-to-menu.upd:2:'Script=plasma-add-shortcut-to-menu-update': Script 'plasma-add-shortcut-to-menu-update' not found
2013-09-24T12:20:09 Checking update-file '/usr/share/apps/kconf_update/krdb_libpathwipe.upd' for new updates
2013-09-24T12:20:09 Checking update-file '/usr/share/apps/kconf_update/kwin_remove_effects.upd' for new updates
2013-09-24T12:20:09 Checking update-file '/usr/share/apps/kconf_update/kget.upd' for new updates
2013-09-24T12:20:09 Checking update-file '/usr/share/apps/kconf_update/kalarm.upd' for new updates
2013-09-24T12:20:09 Checking update-file '/usr/share/apps/kconf_update/kopete-account-kconf_update.upd' for new updates
2013-09-24T12:20:09 Checking update-file '/usr/share/apps/kconf_update/kwin_update_tabbox_qml_settings.upd' for new updates
2013-09-24T12:20:09 Checking update-file '/usr/share/apps/kconf_update/kopete-jabberproxytype-kconf_update.upd' for new updates
2013-09-24T12:20:09 Checking update-file '/usr/share/apps/kconf_update/kopete-pluginloader2.upd' for new updates
2013-09-24T12:20:09 Checking update-file '/usr/share/apps/kconf_update/kioslave.upd' for new updates
2013-09-24T12:20:09 kioslave.upd: Found new update 'kde2.2/r1'
2013-09-24T12:20:09 kioslave.upd: Skipping update 'kde2.2/r1'
2013-09-24T12:20:09 kioslave.upd: File 'kioslaverc' does not exist or empty, skipping
2013-09-24T12:20:09 Checking update-file '/usr/share/apps/kconf_update/kwin_fsp_workarounds_1.upd' for new updates
2013-09-24T12:20:09 Checking update-file '/usr/share/apps/kconf_update/kwin_update_410.upd' for new updates
2013-09-24T12:20:09 Checking update-file '/usr/share/apps/kconf_update/kmail.upd' for new updates
2013-09-24T12:20:09 Checking update-file '/usr/share/apps/kconf_update/plasma-to-plasmadesktop-shortcuts.upd' for new updates
2013-09-24T12:20:09 Checking update-file '/usr/share/apps/kconf_update/kopete-update_yahoo_server.upd' for new updates
2013-09-24T12:20:09 Checking update-file '/usr/share/apps/kconf_update/yakuake.upd' for new updates
2013-09-24T12:20:09 Checking update-file '/usr/share/apps/kconf_update/devicepreference.upd' for new updates
2013-09-24T12:20:09 Checking update-file '/usr/share/apps/kconf_update/konsole.upd' for new updates
2013-09-24T12:20:09 Checking update-file '/usr/share/apps/kconf_update/oxygen.upd' for new updates
2013-09-24T12:20:09 Checking update-file '/usr/share/apps/kconf_update/kopete-jabberpriorityaddition-kconf_update.upd' for new updates
2013-09-24T12:20:09 Checking update-file '/usr/share/apps/kconf_update/kpgp.upd' for new updates
2013-09-24T12:20:09 Checking update-file '/usr/share/apps/kconf_update/mailfilteragent.upd' for new updates
